<?xml version="1.0" encoding="UTF-8"?>
<!-- Generated by org.testng.reporters.JUnitReportReporter -->
<testsuite skipped="0" hostname="BRBGouda6905" name="com.freeCRM.qa.TestCases.ContactsPageTest" tests="4" failures="0" timestamp="25 Jul 2018 17:48:15 GMT" time="124.951" errors="0">
  <testcase name="contactsLabelTest" time="27.370" classname="com.freeCRM.qa.TestCases.ContactsPageTest"/>
  <testcase name="createNewContactTest" time="30.826" classname="com.freeCRM.qa.TestCases.ContactsPageTest"/>
  <testcase name="createNewContactTest" time="32.217" classname="com.freeCRM.qa.TestCases.ContactsPageTest"/>
  <testcase name="createNewContactTest" time="34.538" classname="com.freeCRM.qa.TestCases.ContactsPageTest"/>
</testsuite> <!-- com.freeCRM.qa.TestCases.ContactsPageTest -->
