<?xml version="1.0" encoding="UTF-8"?>
<!-- Generated by org.testng.reporters.JUnitReportReporter -->
<testsuite skipped="0" hostname="BRBGouda6905" name="com.freeCRM.qa.TestCases.HomePageTest" tests="2" failures="0" timestamp="25 Jul 2018 17:48:15 GMT" time="58.908" errors="0">
  <testcase name="homePageTitleTest" time="30.649" classname="com.freeCRM.qa.TestCases.HomePageTest"/>
  <testcase name="homePageUserLabelTest" time="28.259" classname="com.freeCRM.qa.TestCases.HomePageTest"/>
</testsuite> <!-- com.freeCRM.qa.TestCases.HomePageTest -->
