<?xml version="1.0" encoding="UTF-8"?>
<!-- Generated by org.testng.reporters.JUnitReportReporter -->
<testsuite skipped="0" hostname="BRBGouda6905" name="com.freeCRM.qa.TestCases.ContactsPageTest" tests="4" failures="0" timestamp="20 Jul 2018 11:05:47 GMT" time="134.320" errors="0">
  <testcase name="contactsLabelTest" time="28.353" classname="com.freeCRM.qa.TestCases.ContactsPageTest"/>
  <testcase name="createNewContactTest" time="31.278" classname="com.freeCRM.qa.TestCases.ContactsPageTest"/>
  <testcase name="createNewContactTest" time="35.552" classname="com.freeCRM.qa.TestCases.ContactsPageTest"/>
  <testcase name="createNewContactTest" time="39.137" classname="com.freeCRM.qa.TestCases.ContactsPageTest"/>
</testsuite> <!-- com.freeCRM.qa.TestCases.ContactsPageTest -->
