<?xml version="1.0" encoding="UTF-8"?>
<!-- Generated by org.testng.reporters.JUnitReportReporter -->
<testsuite skipped="0" hostname="BRBGouda6905" name="com.freeCRM.qa.TestCases.HomePageTest" tests="2" failures="0" timestamp="20 Jul 2018 11:05:47 GMT" time="64.500" errors="0">
  <testcase name="homePageTitleTest" time="41.594" classname="com.freeCRM.qa.TestCases.HomePageTest"/>
  <testcase name="homePageUserLabelTest" time="22.906" classname="com.freeCRM.qa.TestCases.HomePageTest"/>
</testsuite> <!-- com.freeCRM.qa.TestCases.HomePageTest -->
