<?xml version="1.0" encoding="UTF-8"?>
<!-- Generated by org.testng.reporters.JUnitReportReporter -->
<testsuite skipped="0" hostname="BRBGouda6905" name="com.freeCRM.qa.TestCases.HomePageTest" tests="2" failures="0" timestamp="26 Jul 2018 07:55:10 GMT" time="65.516" errors="0">
  <testcase name="homePageTitleTest" time="29.035" classname="com.freeCRM.qa.TestCases.HomePageTest"/>
  <testcase name="homePageUserLabelTest" time="36.481" classname="com.freeCRM.qa.TestCases.HomePageTest"/>
</testsuite> <!-- com.freeCRM.qa.TestCases.HomePageTest -->
