<?xml version="1.0" encoding="UTF-8"?>
<!-- Generated by org.testng.reporters.JUnitReportReporter -->
<testsuite skipped="0" hostname="BRBGouda6905" name="com.freeCRM.qa.TestCases.ContactsPageTest" tests="4" failures="0" timestamp="26 Jul 2018 07:55:10 GMT" time="162.010" errors="0">
  <testcase name="contactsLabelTest" time="42.739" classname="com.freeCRM.qa.TestCases.ContactsPageTest"/>
  <testcase name="createNewContactTest" time="44.626" classname="com.freeCRM.qa.TestCases.ContactsPageTest"/>
  <testcase name="createNewContactTest" time="28.193" classname="com.freeCRM.qa.TestCases.ContactsPageTest"/>
  <testcase name="createNewContactTest" time="46.452" classname="com.freeCRM.qa.TestCases.ContactsPageTest"/>
</testsuite> <!-- com.freeCRM.qa.TestCases.ContactsPageTest -->
