<?xml version="1.0" encoding="UTF-8"?>
<!-- Generated by org.testng.reporters.JUnitReportReporter -->
<testsuite skipped="0" hostname="BRBGouda6905" name="com.freeCRM.qa.TestCases.LoginPageTest" tests="3" failures="0" timestamp="20 Jul 2018 11:05:47 GMT" time="96.019" errors="0">
  <testcase name="loginPageTitleTest" time="53.458" classname="com.freeCRM.qa.TestCases.LoginPageTest"/>
  <testcase name="loginPageImageTest" time="16.339" classname="com.freeCRM.qa.TestCases.LoginPageTest"/>
  <testcase name="loginTest" time="26.222" classname="com.freeCRM.qa.TestCases.LoginPageTest"/>
</testsuite> <!-- com.freeCRM.qa.TestCases.LoginPageTest -->
