<?xml version="1.0" encoding="UTF-8"?>
<!-- Generated by org.testng.reporters.JUnitReportReporter -->
<testsuite skipped="0" hostname="BRBGouda6905" name="com.freeCRM.qa.TestCases.LoginPageTest" tests="3" failures="0" timestamp="25 Jul 2018 17:48:15 GMT" time="74.051" errors="0">
  <testcase name="loginPageTitleTest" time="32.789" classname="com.freeCRM.qa.TestCases.LoginPageTest"/>
  <testcase name="loginPageImageTest" time="18.693" classname="com.freeCRM.qa.TestCases.LoginPageTest"/>
  <testcase name="loginTest" time="22.569" classname="com.freeCRM.qa.TestCases.LoginPageTest"/>
</testsuite> <!-- com.freeCRM.qa.TestCases.LoginPageTest -->
